{
  "RSpec": {
    "coverage": {
      "/home/nan/Documents/code/challenge_rebase/app/services/cities_api.rb": {
        "lines": [
          1,
          1,
          1,
          null,
          1,
          null,
          null,
          1,
          1,
          null,
          1,
          null,
          null
        ]
      },
      "/home/nan/Documents/code/challenge_rebase/app/services/states_api.rb": {
        "lines": [
          1,
          1,
          1,
          null,
          1,
          null,
          null,
          1,
          1,
          null,
          1,
          null,
          null,
          1,
          1,
          null,
          1,
          null,
          1,
          null,
          null,
          1,
          1,
          null,
          1,
          null,
          1,
          null,
          null,
          1,
          1,
          null,
          1,
          null,
          1,
          null,
          null
        ]
      },
      "/home/nan/Documents/code/challenge_rebase/app/controllers/application_controller.rb": {
        "lines": [
          1,
          1,
          null,
          1,
          7,
          null,
          null
        ]
      },
      "/home/nan/Documents/code/challenge_rebase/app/controllers/cities_controller.rb": {
        "lines": [
          1,
          1,
          null,
          1,
          1,
          1,
          null,
          1,
          null,
          null,
          1,
          1,
          null,
          1,
          2,
          null,
          null,
          null
        ]
      },
      "/home/nan/Documents/code/challenge_rebase/app/controllers/states_controller.rb": {
        "lines": [
          1,
          1,
          null,
          1,
          1,
          1,
          null,
          1,
          null,
          null,
          1,
          1,
          null,
          1,
          2,
          null,
          null,
          null,
          1,
          1,
          null,
          1,
          2,
          null,
          null,
          null,
          1,
          1,
          null,
          1,
          2,
          null,
          null,
          null,
          1,
          1,
          null,
          1,
          2,
          null,
          null,
          null
        ]
      },
      "/home/nan/Documents/code/challenge_rebase/spec/app/controllers/cities_controller_spec.rb": {
        "lines": [
          1,
          1,
          1,
          1,
          null,
          null,
          null,
          1,
          1,
          1,
          null,
          null,
          null
        ]
      },
      "/home/nan/Documents/code/challenge_rebase/spec/app/controllers/states_controller_spec.rb": {
        "lines": [
          1,
          1,
          1,
          1,
          null,
          null,
          null,
          1,
          1,
          1,
          null,
          null,
          null,
          1,
          1,
          1,
          null,
          null,
          null,
          1,
          1,
          1,
          null,
          null,
          1,
          1,
          null,
          null,
          null
        ]
      }
    },
    "timestamp": 1613270784
  }
}
